0 info it worked if it ends with ok
1 verbose cli [ '/Users/akorzunov/.nvm/versions/node/v7.1.0/bin/node',
1 verbose cli   '/Users/akorzunov/.nvm/versions/node/v7.1.0/bin/npm',
1 verbose cli   'publish' ]
2 info using npm@3.10.9
3 info using node@v7.1.0
4 verbose publish [ '.' ]
5 silly cache add args [ '.', null ]
6 verbose cache add spec .
7 silly cache add parsed spec Result {
7 silly cache add   raw: '.',
7 silly cache add   scope: null,
7 silly cache add   escapedName: null,
7 silly cache add   name: null,
7 silly cache add   rawSpec: '.',
7 silly cache add   spec: '/Users/akorzunov/dev/Z/mellis/github/3166',
7 silly cache add   type: 'directory' }
8 verbose addLocalDirectory /Users/akorzunov/.npm/iso3166-2-db/1.0.0/package.tgz not in flight; packing
9 verbose correctMkdir /Users/akorzunov/.npm correctMkdir not in flight; initializing
10 info lifecycle iso3166-2-db@1.0.0~prepublish: iso3166-2-db@1.0.0
11 silly lifecycle iso3166-2-db@1.0.0~prepublish: no script for prepublish, continuing
12 verbose tar pack [ '/Users/akorzunov/.npm/iso3166-2-db/1.0.0/package.tgz',
12 verbose tar pack   '/Users/akorzunov/dev/Z/mellis/github/3166' ]
13 verbose tarball /Users/akorzunov/.npm/iso3166-2-db/1.0.0/package.tgz
14 verbose folder /Users/akorzunov/dev/Z/mellis/github/3166
15 verbose addLocalTarball adding from inside cache /Users/akorzunov/.npm/iso3166-2-db/1.0.0/package.tgz
16 verbose correctMkdir /Users/akorzunov/.npm correctMkdir not in flight; initializing
17 silly cache afterAdd iso3166-2-db@1.0.0
18 verbose afterAdd /Users/akorzunov/.npm/iso3166-2-db/1.0.0/package/package.json not in flight; writing
19 verbose correctMkdir /Users/akorzunov/.npm correctMkdir not in flight; initializing
20 verbose afterAdd /Users/akorzunov/.npm/iso3166-2-db/1.0.0/package/package.json written
21 silly publish { name: 'iso3166-2-db',
21 silly publish   version: '1.0.0',
21 silly publish   description: 'Provides information about countries and stated of the world',
21 silly publish   main: 'index.js',
21 silly publish   scripts:
21 silly publish    { test: 'echo "Error: no test specified" && exit 1',
21 silly publish      build: 'babel src -d lib' },
21 silly publish   repository: { type: 'git', url: 'git+https://github.com/esosedi/3166.git' },
21 silly publish   keywords: [ '3166', '3166-2', 'countries', 'regions', 'opendata' ],
21 silly publish   author: { name: 'Anton Korzunov', email: 'thekashey@gmail.com' },
21 silly publish   license: 'MIT',
21 silly publish   bugs: { url: 'https://github.com/esosedi/3166/issues' },
21 silly publish   homepage: 'https://github.com/esosedi/3166',
21 silly publish   devDependencies: { 'babel-cli': '^6.18.0', 'babel-preset-latest': '^6.16.0' },
21 silly publish   readme: '# 3166 (iso standart about 2-3 letter codes of administrative divisions)\nThis world is small enough. But not everyone knows all countries and all states. So, lets just create a list of countries as iso3166-1 and lists of states or regions as iso3166-2. And include external references to all sources, you may use (GeoNames, OpenStreetMap, Wikipedia, WOF)\n\n* How to get list of all countries: call `getDataSet` and traverse look for .name in every object inside\n* How to get states of country: call getRegionsFor(countryIsoCode) and do the same.\n\nJust look at json file, and you will understand.\n \nSo we have 2 simple things:\n 1. data/iso3166-2.json – main datafile. It containtains all counties and all regions. \n Just keep in mind - this is not a stupid list of names. We provide all information for any entity:\n \n    * iso3166-1(alpha2, alpha3, numeric, FIPS) for a country    \n    * iso3166-2(alpha2, FIPS) for a region    \n    * links to geonames, openstreetmap relation, wikipedia article, WOT. So you can merge this data, to everything else!    \n    * names in main languages\n    \n    Best option is to use this file directly.\n 2. src/disputedBorders.js – set of pure functions to transform main data file for "your" country. As long all countries have their own mind.\n    Only UN001(US), RU, UA, TR schemes supported.\n    \n    **Remember – main data file is `wrong` by default. You HAVE to apply some filter to data.**\n    Or you will get TW as country and Crimea as part of  Russia (use \'ru\' dispute mode to have it :P). \n 3. src/iso3166.js – library logic (exported as index.js)\n \n    We have a simply command for it(2.) getDataSet(dispute=\'en\') for it.\n    \n     * changeDispute(string) – change default dispute.\n     * getDataSet([dispute]) - returns transformed iso3166 data.\n     * getRegionsFor(country) - returns states for a country.     \n     * findCountryByName(countryName) - perform lookup via all possible names\n     * findRegionByCode(string(iso3166-2 code)) - returns region for a code. AU-NSW for example\n   \n**nd be aware** - some `states` is not a states. Until they have iso3166-2(iso) code.\nSome of them contain only `FIPS`.\n\nAlso **be aware** about operstreetmap_level. Most of regions have `4`. Some of them (in Slovenia) have `6`. But.. there is regions with `7`.\nI am not sure about them.\n\nThis is open source made from open source. Everything can be wrong. And will be.\n\nMain datafile is auto generated from free sources.\n\nUsed sources:    \n  1. Geonames.org – as main information source\n  2. Wikipedia.org – as main information source\n  3. Esosedi.org – as main information source \n  4. OpenStreetMap.org – as secondary source\n  5. Whosonfirst-data – as external links for region information (as long Pelias return region code as WOT entity)\n    ',
21 silly publish   readmeFilename: 'README.md',
21 silly publish   gitHead: '779d39975ef755fba18149e7d0711a42b63182fc',
21 silly publish   _id: 'iso3166-2-db@1.0.0',
21 silly publish   _shasum: '6f141696e9e6a4c0a7020e2bf6e4f4186f4ea3fc',
21 silly publish   _from: '.' }
22 verbose getPublishConfig undefined
23 silly mapToRegistry name iso3166-2-db
24 silly mapToRegistry using default registry
25 silly mapToRegistry registry https://registry.npmjs.org/
26 silly mapToRegistry data Result {
26 silly mapToRegistry   raw: 'iso3166-2-db',
26 silly mapToRegistry   scope: null,
26 silly mapToRegistry   escapedName: 'iso3166-2-db',
26 silly mapToRegistry   name: 'iso3166-2-db',
26 silly mapToRegistry   rawSpec: '',
26 silly mapToRegistry   spec: 'latest',
26 silly mapToRegistry   type: 'tag' }
27 silly mapToRegistry uri https://registry.npmjs.org/iso3166-2-db
28 verbose publish registryBase https://registry.npmjs.org/
29 silly publish uploading /Users/akorzunov/.npm/iso3166-2-db/1.0.0/package.tgz
30 verbose request uri https://registry.npmjs.org/iso3166-2-db
31 verbose request sending authorization for write operation
32 info attempt registry request try #1 at 1:14:14 PM
33 verbose request using bearer token for auth
34 verbose request id 14a0dc017ed7f302
35 http request PUT https://registry.npmjs.org/iso3166-2-db
36 http 403 https://registry.npmjs.org/iso3166-2-db
37 verbose headers { 'content-type': 'application/json',
37 verbose headers   'cache-control': 'max-age=300',
37 verbose headers   'content-length': '95',
37 verbose headers   'accept-ranges': 'bytes',
37 verbose headers   date: 'Sat, 12 Nov 2016 02:13:44 GMT',
37 verbose headers   via: '1.1 varnish',
37 verbose headers   connection: 'keep-alive',
37 verbose headers   'x-served-by': 'cache-syd1624-SYD',
37 verbose headers   'x-cache': 'MISS',
37 verbose headers   'x-cache-hits': '0',
37 verbose headers   'x-timer': 'S1478916820.457267,VS0,VE3789',
37 verbose headers   vary: 'Accept-Encoding' }
38 verbose request invalidating /Users/akorzunov/.npm/registry.npmjs.org/iso3166-2-db on PUT
39 error publish Failed PUT 403
40 verbose stack Error: "You cannot publish over the previously published version 1.0.0." : iso3166-2-db
40 verbose stack     at makeError (/Users/akorzunov/.nvm/versions/node/v7.1.0/lib/node_modules/npm/node_modules/npm-registry-client/lib/request.js:302:12)
40 verbose stack     at CachingRegistryClient.<anonymous> (/Users/akorzunov/.nvm/versions/node/v7.1.0/lib/node_modules/npm/node_modules/npm-registry-client/lib/request.js:290:14)
40 verbose stack     at Request._callback (/Users/akorzunov/.nvm/versions/node/v7.1.0/lib/node_modules/npm/node_modules/npm-registry-client/lib/request.js:210:14)
40 verbose stack     at Request.self.callback (/Users/akorzunov/.nvm/versions/node/v7.1.0/lib/node_modules/npm/node_modules/request/request.js:187:22)
40 verbose stack     at emitTwo (events.js:106:13)
40 verbose stack     at Request.emit (events.js:191:7)
40 verbose stack     at Request.<anonymous> (/Users/akorzunov/.nvm/versions/node/v7.1.0/lib/node_modules/npm/node_modules/request/request.js:1048:10)
40 verbose stack     at emitOne (events.js:96:13)
40 verbose stack     at Request.emit (events.js:188:7)
40 verbose stack     at IncomingMessage.<anonymous> (/Users/akorzunov/.nvm/versions/node/v7.1.0/lib/node_modules/npm/node_modules/request/request.js:969:12)
41 verbose statusCode 403
42 verbose pkgid iso3166-2-db
43 verbose cwd /Users/akorzunov/dev/Z/mellis/github/3166
44 error Darwin 16.1.0
45 error argv "/Users/akorzunov/.nvm/versions/node/v7.1.0/bin/node" "/Users/akorzunov/.nvm/versions/node/v7.1.0/bin/npm" "publish"
46 error node v7.1.0
47 error npm  v3.10.9
48 error code E403
49 error "You cannot publish over the previously published version 1.0.0." : iso3166-2-db
50 error If you need help, you may report this error at:
50 error     <https://github.com/npm/npm/issues>
51 verbose exit [ 1, true ]
